2015-11-10 15:26:56 10fc InnoDB: Warning: Using innodb_additional_mem_pool_size is DEPRECATED. This option may be removed in future releases, together with the option innodb_use_sys_malloc and with the InnoDB's internal memory allocator.
2015-11-10 15:26:56 4348 [Note] InnoDB: Using mutexes to ref count buffer pool pages
2015-11-10 15:26:56 4348 [Note] InnoDB: The InnoDB memory heap is disabled
2015-11-10 15:26:56 4348 [Note] InnoDB: Mutexes and rw_locks use Windows interlocked functions
2015-11-10 15:26:56 4348 [Note] InnoDB: Memory barrier is not used
2015-11-10 15:26:56 4348 [Note] InnoDB: Compressed tables use zlib 1.2.3
2015-11-10 15:26:56 4348 [Note] InnoDB: Not using CPU crc32 instructions
2015-11-10 15:26:56 4348 [Note] InnoDB: Initializing buffer pool, size = 16.0M
2015-11-10 15:26:56 4348 [Note] InnoDB: Completed initialization of buffer pool
2015-11-10 15:26:56 4348 [Note] InnoDB: Highest supported file format is Barracuda.
2015-11-10 15:26:57 4348 [Note] InnoDB: 128 rollback segment(s) are active.
2015-11-10 15:26:57 4348 [Note] InnoDB: Waiting for purge to start
2015-11-10 15:26:57 4348 [Note] InnoDB:  Percona XtraDB (http://www.percona.com) 5.6.26-74.0 started; log sequence number 1835027
2015-11-10 15:26:57 6140 [Note] InnoDB: Dumping buffer pool(s) not yet started
2015-11-10 15:26:57 4348 [Note] Plugin 'FEEDBACK' is disabled.
2015-11-10 15:26:57 4348 [Note] Server socket created on IP: '::'.
2015-11-10 15:26:57 4348 [Note] Event Scheduler: Loaded 0 events
2015-11-10 15:26:57 4348 [Note] C:\xampp\mysql\bin\mysqld.exe: ready for connections.
Version: '10.1.8-MariaDB'  socket: ''  port: 3306  mariadb.org binary distribution
2015-11-10 15:27:11 5152 [Note] C:\xampp\mysql\bin\mysqld.exe: Normal shutdown

2015-11-10 15:27:11 5152 [Note] Event Scheduler: Purging the queue. 0 events
2015-11-10 15:27:11 5732 [Note] InnoDB: FTS optimize thread exiting.
2015-11-10 15:27:11 5152 [Note] InnoDB: Starting shutdown...
2015-11-10 15:27:13 5152 [Note] InnoDB: Shutdown completed; log sequence number 1835037
2015-11-10 15:27:13 5152 [Note] C:\xampp\mysql\bin\mysqld.exe: Shutdown complete

2019-04-09 22:11:18 27dc InnoDB: Warning: Using innodb_additional_mem_pool_size is DEPRECATED. This option may be removed in future releases, together with the option innodb_use_sys_malloc and with the InnoDB's internal memory allocator.
2019-04-09 22:11:18 10204 [Note] InnoDB: innodb_empty_free_list_algorithm has been changed to legacy because of small buffer pool size. In order to use backoff, increase buffer pool at least up to 20MB.

2019-04-09 22:11:18 10204 [Note] InnoDB: Using mutexes to ref count buffer pool pages
2019-04-09 22:11:18 10204 [Note] InnoDB: The InnoDB memory heap is disabled
2019-04-09 22:11:18 10204 [Note] InnoDB: Mutexes and rw_locks use Windows interlocked functions
2019-04-09 22:11:18 10204 [Note] InnoDB: _mm_lfence() and _mm_sfence() are used for memory barrier
2019-04-09 22:11:18 10204 [Note] InnoDB: Compressed tables use zlib 1.2.11
2019-04-09 22:11:18 10204 [Note] InnoDB: Using generic crc32 instructions
2019-04-09 22:11:18 10204 [Note] InnoDB: Initializing buffer pool, size = 16.0M
2019-04-09 22:11:18 10204 [Note] InnoDB: Completed initialization of buffer pool
2019-04-09 22:11:18 10204 [Note] InnoDB: Highest supported file format is Barracuda.
2019-04-09 22:11:19 10204 [Note] InnoDB: 128 rollback segment(s) are active.
2019-04-09 22:11:19 10204 [Note] InnoDB: Waiting for purge to start
2019-04-09 22:11:19 10204 [Note] InnoDB:  Percona XtraDB (http://www.percona.com) 5.6.42-84.2 started; log sequence number 1835037
2019-04-09 22:11:19 12544 [Note] InnoDB: Dumping buffer pool(s) not yet started
2019-04-09 22:11:19 10204 [Note] Plugin 'FEEDBACK' is disabled.
2019-04-09 22:11:19 10204 [Note] Server socket created on IP: '::'.
2019-04-09 22:11:19 10204 [Note] c:\xampp\mysql\bin\mysqld.exe: ready for connections.
Version: '10.1.38-MariaDB'  socket: ''  port: 3306  mariadb.org binary distribution
2019-04-09 22:38:27 1e9c InnoDB: Warning: Using innodb_additional_mem_pool_size is DEPRECATED. This option may be removed in future releases, together with the option innodb_use_sys_malloc and with the InnoDB's internal memory allocator.
2019-04-09 22:38:27 7836 [Note] InnoDB: innodb_empty_free_list_algorithm has been changed to legacy because of small buffer pool size. In order to use backoff, increase buffer pool at least up to 20MB.

2019-04-09 22:38:27 7836 [Note] InnoDB: Using mutexes to ref count buffer pool pages
2019-04-09 22:38:27 7836 [Note] InnoDB: The InnoDB memory heap is disabled
2019-04-09 22:38:27 7836 [Note] InnoDB: Mutexes and rw_locks use Windows interlocked functions
2019-04-09 22:38:27 7836 [Note] InnoDB: _mm_lfence() and _mm_sfence() are used for memory barrier
2019-04-09 22:38:27 7836 [Note] InnoDB: Compressed tables use zlib 1.2.11
2019-04-09 22:38:27 7836 [Note] InnoDB: Using generic crc32 instructions
2019-04-09 22:38:27 7836 [Note] InnoDB: Initializing buffer pool, size = 16.0M
2019-04-09 22:38:27 7836 [Note] InnoDB: Completed initialization of buffer pool
2019-04-09 22:38:27 7836 [Note] InnoDB: Highest supported file format is Barracuda.
2019-04-09 22:38:27 7836 [Note] InnoDB: The log sequence number 1835037 in ibdata file do not match the log sequence number 1836438 in the ib_logfiles!
2019-04-09 22:38:27 7836 [Note] InnoDB: Restoring possible half-written data pages from the doublewrite buffer...
2019-04-09 22:38:32 7836 [Note] InnoDB: 128 rollback segment(s) are active.
2019-04-09 22:38:32 7836 [Note] InnoDB: Waiting for purge to start
2019-04-09 22:38:32 7836 [Note] InnoDB:  Percona XtraDB (http://www.percona.com) 5.6.42-84.2 started; log sequence number 1836438
2019-04-09 22:38:32 8820 [Note] InnoDB: Dumping buffer pool(s) not yet started
2019-04-09 22:38:32 7836 [Note] Plugin 'FEEDBACK' is disabled.
2019-04-09 22:38:32 7836 [Note] Server socket created on IP: '::'.
2019-04-09 22:38:32 7836 [Note] c:\xampp\mysql\bin\mysqld.exe: ready for connections.
Version: '10.1.38-MariaDB'  socket: ''  port: 3306  mariadb.org binary distribution
2019-04-09 22:39:56 2164 InnoDB: Warning: Using innodb_additional_mem_pool_size is DEPRECATED. This option may be removed in future releases, together with the option innodb_use_sys_malloc and with the InnoDB's internal memory allocator.
2019-04-09 22:39:56 8548 [Note] InnoDB: innodb_empty_free_list_algorithm has been changed to legacy because of small buffer pool size. In order to use backoff, increase buffer pool at least up to 20MB.

2019-04-09 22:39:56 8548 [Note] InnoDB: Using mutexes to ref count buffer pool pages
2019-04-09 22:39:56 8548 [Note] InnoDB: The InnoDB memory heap is disabled
2019-04-09 22:39:56 8548 [Note] InnoDB: Mutexes and rw_locks use Windows interlocked functions
2019-04-09 22:39:56 8548 [Note] InnoDB: _mm_lfence() and _mm_sfence() are used for memory barrier
2019-04-09 22:39:56 8548 [Note] InnoDB: Compressed tables use zlib 1.2.11
2019-04-09 22:39:56 8548 [Note] InnoDB: Using generic crc32 instructions
2019-04-09 22:39:56 8548 [Note] InnoDB: Initializing buffer pool, size = 16.0M
2019-04-09 22:39:56 8548 [Note] InnoDB: Completed initialization of buffer pool
2019-04-09 22:39:56 8548 [Note] InnoDB: Highest supported file format is Barracuda.
2019-04-09 22:39:56 8548 [Note] InnoDB: The log sequence number 1835037 in ibdata file do not match the log sequence number 1836874 in the ib_logfiles!
2019-04-09 22:39:57 8548 [Note] InnoDB: Restoring possible half-written data pages from the doublewrite buffer...
2019-04-09 22:39:58 8548 [Note] InnoDB: 128 rollback segment(s) are active.
2019-04-09 22:39:58 8548 [Note] InnoDB: Waiting for purge to start
2019-04-09 22:39:58 8548 [Note] InnoDB:  Percona XtraDB (http://www.percona.com) 5.6.42-84.2 started; log sequence number 1836874
2019-04-09 22:39:58 5916 [Note] InnoDB: Dumping buffer pool(s) not yet started
2019-04-09 22:39:58 8548 [Note] Plugin 'FEEDBACK' is disabled.
2019-04-09 22:39:59 8548 [Note] Server socket created on IP: '::'.
2019-04-09 22:39:59 8548 [Note] c:\xampp\mysql\bin\mysqld.exe: ready for connections.
Version: '10.1.38-MariaDB'  socket: ''  port: 3306  mariadb.org binary distribution
2019-04-10 06:57:01 1cd4 InnoDB: Warning: Using innodb_additional_mem_pool_size is DEPRECATED. This option may be removed in future releases, together with the option innodb_use_sys_malloc and with the InnoDB's internal memory allocator.
2019-04-10  6:57:01 7380 [Note] InnoDB: innodb_empty_free_list_algorithm has been changed to legacy because of small buffer pool size. In order to use backoff, increase buffer pool at least up to 20MB.

2019-04-10  6:57:01 7380 [Note] InnoDB: Using mutexes to ref count buffer pool pages
2019-04-10  6:57:01 7380 [Note] InnoDB: The InnoDB memory heap is disabled
2019-04-10  6:57:01 7380 [Note] InnoDB: Mutexes and rw_locks use Windows interlocked functions
2019-04-10  6:57:01 7380 [Note] InnoDB: _mm_lfence() and _mm_sfence() are used for memory barrier
2019-04-10  6:57:01 7380 [Note] InnoDB: Compressed tables use zlib 1.2.11
2019-04-10  6:57:01 7380 [Note] InnoDB: Using generic crc32 instructions
2019-04-10  6:57:01 7380 [Note] InnoDB: Initializing buffer pool, size = 16.0M
2019-04-10  6:57:01 7380 [Note] InnoDB: Completed initialization of buffer pool
2019-04-10  6:57:01 7380 [Note] InnoDB: Highest supported file format is Barracuda.
2019-04-10  6:57:01 7380 [Note] InnoDB: The log sequence number 1835037 in ibdata file do not match the log sequence number 1838570 in the ib_logfiles!
2019-04-10  6:57:01 7380 [Note] InnoDB: Restoring possible half-written data pages from the doublewrite buffer...
2019-04-10  6:57:03 7380 [Note] InnoDB: 128 rollback segment(s) are active.
2019-04-10  6:57:03 7380 [Note] InnoDB: Waiting for purge to start
2019-04-10  6:57:03 7380 [Note] InnoDB:  Percona XtraDB (http://www.percona.com) 5.6.42-84.2 started; log sequence number 1838570
2019-04-10  6:57:03 8184 [Note] InnoDB: Dumping buffer pool(s) not yet started
2019-04-10  6:57:03 7380 [Note] Plugin 'FEEDBACK' is disabled.
2019-04-10  6:57:03 7380 [Note] Server socket created on IP: '::'.
2019-04-10  6:57:03 7380 [Note] c:\xampp\mysql\bin\mysqld.exe: ready for connections.
Version: '10.1.38-MariaDB'  socket: ''  port: 3306  mariadb.org binary distribution
2019-04-10 08:09:16 169c InnoDB: Warning: Using innodb_additional_mem_pool_size is DEPRECATED. This option may be removed in future releases, together with the option innodb_use_sys_malloc and with the InnoDB's internal memory allocator.
2019-04-10  8:09:16 5788 [Note] InnoDB: innodb_empty_free_list_algorithm has been changed to legacy because of small buffer pool size. In order to use backoff, increase buffer pool at least up to 20MB.

2019-04-10  8:09:16 5788 [Note] InnoDB: Using mutexes to ref count buffer pool pages
2019-04-10  8:09:16 5788 [Note] InnoDB: The InnoDB memory heap is disabled
2019-04-10  8:09:16 5788 [Note] InnoDB: Mutexes and rw_locks use Windows interlocked functions
2019-04-10  8:09:16 5788 [Note] InnoDB: _mm_lfence() and _mm_sfence() are used for memory barrier
2019-04-10  8:09:16 5788 [Note] InnoDB: Compressed tables use zlib 1.2.11
2019-04-10  8:09:16 5788 [Note] InnoDB: Using generic crc32 instructions
2019-04-10  8:09:16 5788 [Note] InnoDB: Initializing buffer pool, size = 16.0M
2019-04-10  8:09:16 5788 [Note] InnoDB: Completed initialization of buffer pool
2019-04-10  8:09:16 5788 [Note] InnoDB: Highest supported file format is Barracuda.
2019-04-10  8:09:16 5788 [Note] InnoDB: The log sequence number 1835037 in ibdata file do not match the log sequence number 1856351 in the ib_logfiles!
2019-04-10  8:09:16 5788 [Note] InnoDB: Restoring possible half-written data pages from the doublewrite buffer...
2019-04-10  8:09:17 5788 [Note] InnoDB: 128 rollback segment(s) are active.
2019-04-10  8:09:17 5788 [Note] InnoDB: Waiting for purge to start
2019-04-10  8:09:17 5788 [Note] InnoDB:  Percona XtraDB (http://www.percona.com) 5.6.42-84.2 started; log sequence number 1856351
2019-04-10  8:09:18 7252 [Note] InnoDB: Dumping buffer pool(s) not yet started
2019-04-10  8:09:18 5788 [Note] Plugin 'FEEDBACK' is disabled.
2019-04-10  8:09:18 5788 [Note] Server socket created on IP: '::'.
2019-04-10  8:09:18 5788 [ERROR] mysqld.exe: Table '.\mysql\user' is marked as crashed and should be repaired
2019-04-10  8:09:18 5788 [Warning] Checking table:   '.\mysql\user'
2019-04-10  8:09:18 5788 [ERROR] mysql.user: 1 client is using or hasn't closed the table properly
2019-04-10  8:09:18 5788 [Note] c:\xampp\mysql\bin\mysqld.exe: ready for connections.
Version: '10.1.38-MariaDB'  socket: ''  port: 3306  mariadb.org binary distribution
2019-04-10 20:39:43 1490 InnoDB: Warning: Using innodb_additional_mem_pool_size is DEPRECATED. This option may be removed in future releases, together with the option innodb_use_sys_malloc and with the InnoDB's internal memory allocator.
2019-04-10 20:39:43 5264 [Note] InnoDB: innodb_empty_free_list_algorithm has been changed to legacy because of small buffer pool size. In order to use backoff, increase buffer pool at least up to 20MB.

2019-04-10 20:39:43 5264 [Note] InnoDB: Using mutexes to ref count buffer pool pages
2019-04-10 20:39:43 5264 [Note] InnoDB: The InnoDB memory heap is disabled
2019-04-10 20:39:43 5264 [Note] InnoDB: Mutexes and rw_locks use Windows interlocked functions
2019-04-10 20:39:43 5264 [Note] InnoDB: _mm_lfence() and _mm_sfence() are used for memory barrier
2019-04-10 20:39:43 5264 [Note] InnoDB: Compressed tables use zlib 1.2.11
2019-04-10 20:39:43 5264 [Note] InnoDB: Using generic crc32 instructions
2019-04-10 20:39:43 5264 [Note] InnoDB: Initializing buffer pool, size = 16.0M
2019-04-10 20:39:43 5264 [Note] InnoDB: Completed initialization of buffer pool
2019-04-10 20:39:44 5264 [Note] InnoDB: Highest supported file format is Barracuda.
2019-04-10 20:39:44 5264 [Note] InnoDB: The log sequence number 1835037 in ibdata file do not match the log sequence number 1857861 in the ib_logfiles!
2019-04-10 20:39:44 5264 [Note] InnoDB: Restoring possible half-written data pages from the doublewrite buffer...
2019-04-10 20:39:45 5264 [Note] InnoDB: 128 rollback segment(s) are active.
2019-04-10 20:39:45 5264 [Note] InnoDB: Waiting for purge to start
2019-04-10 20:39:45 5264 [Note] InnoDB:  Percona XtraDB (http://www.percona.com) 5.6.42-84.2 started; log sequence number 1857861
2019-04-10 20:39:45 1256 [Note] InnoDB: Dumping buffer pool(s) not yet started
2019-04-10 20:39:45 5264 [Note] Plugin 'FEEDBACK' is disabled.
2019-04-10 20:39:45 5264 [Note] Server socket created on IP: '::'.
2019-04-10 20:39:45 5264 [ERROR] mysqld.exe: Table '.\mysql\user' is marked as crashed and should be repaired
2019-04-10 20:39:45 5264 [Warning] Checking table:   '.\mysql\user'
2019-04-10 20:39:45 5264 [ERROR] mysql.user: 1 client is using or hasn't closed the table properly
2019-04-10 20:39:45 5264 [Note] c:\xampp\mysql\bin\mysqld.exe: ready for connections.
Version: '10.1.38-MariaDB'  socket: ''  port: 3306  mariadb.org binary distribution
2019-04-11 22:12:07 9ec InnoDB: Warning: Using innodb_additional_mem_pool_size is DEPRECATED. This option may be removed in future releases, together with the option innodb_use_sys_malloc and with the InnoDB's internal memory allocator.
2019-04-11 22:12:07 2540 [Note] InnoDB: innodb_empty_free_list_algorithm has been changed to legacy because of small buffer pool size. In order to use backoff, increase buffer pool at least up to 20MB.

2019-04-11 22:12:07 2540 [Note] InnoDB: Using mutexes to ref count buffer pool pages
2019-04-11 22:12:07 2540 [Note] InnoDB: The InnoDB memory heap is disabled
2019-04-11 22:12:07 2540 [Note] InnoDB: Mutexes and rw_locks use Windows interlocked functions
2019-04-11 22:12:07 2540 [Note] InnoDB: _mm_lfence() and _mm_sfence() are used for memory barrier
2019-04-11 22:12:07 2540 [Note] InnoDB: Compressed tables use zlib 1.2.11
2019-04-11 22:12:07 2540 [Note] InnoDB: Using generic crc32 instructions
2019-04-11 22:12:07 2540 [Note] InnoDB: Initializing buffer pool, size = 16.0M
2019-04-11 22:12:07 2540 [Note] InnoDB: Completed initialization of buffer pool
2019-04-11 22:12:07 2540 [Note] InnoDB: Highest supported file format is Barracuda.
2019-04-11 22:12:07 2540 [Note] InnoDB: The log sequence number 1835037 in ibdata file do not match the log sequence number 1859168 in the ib_logfiles!
2019-04-11 22:12:07 2540 [Note] InnoDB: Restoring possible half-written data pages from the doublewrite buffer...
2019-04-11 22:12:08 2540 [Note] InnoDB: 128 rollback segment(s) are active.
2019-04-11 22:12:08 2540 [Note] InnoDB: Waiting for purge to start
2019-04-11 22:12:09 2540 [Note] InnoDB:  Percona XtraDB (http://www.percona.com) 5.6.42-84.2 started; log sequence number 1859168
2019-04-11 22:12:09 2952 [Note] InnoDB: Dumping buffer pool(s) not yet started
2019-04-11 22:12:09 2540 [Note] Plugin 'FEEDBACK' is disabled.
2019-04-11 22:12:09 2540 [Note] Server socket created on IP: '::'.
2019-04-11 22:12:09 2540 [Note] c:\xampp\mysql\bin\mysqld.exe: ready for connections.
Version: '10.1.38-MariaDB'  socket: ''  port: 3306  mariadb.org binary distribution
2019-04-12 15:18:31 129c InnoDB: Warning: Using innodb_additional_mem_pool_size is DEPRECATED. This option may be removed in future releases, together with the option innodb_use_sys_malloc and with the InnoDB's internal memory allocator.
2019-04-12 15:18:31 4764 [Note] InnoDB: innodb_empty_free_list_algorithm has been changed to legacy because of small buffer pool size. In order to use backoff, increase buffer pool at least up to 20MB.

2019-04-12 15:18:32 4764 [Note] InnoDB: Using mutexes to ref count buffer pool pages
2019-04-12 15:18:32 4764 [Note] InnoDB: The InnoDB memory heap is disabled
2019-04-12 15:18:32 4764 [Note] InnoDB: Mutexes and rw_locks use Windows interlocked functions
2019-04-12 15:18:32 4764 [Note] InnoDB: _mm_lfence() and _mm_sfence() are used for memory barrier
2019-04-12 15:18:32 4764 [Note] InnoDB: Compressed tables use zlib 1.2.11
2019-04-12 15:18:32 4764 [Note] InnoDB: Using generic crc32 instructions
2019-04-12 15:18:32 4764 [Note] InnoDB: Initializing buffer pool, size = 16.0M
2019-04-12 15:18:32 4764 [Note] InnoDB: Completed initialization of buffer pool
2019-04-12 15:18:32 4764 [Note] InnoDB: Highest supported file format is Barracuda.
2019-04-12 15:18:32 4764 [Note] InnoDB: The log sequence number 1835037 in ibdata file do not match the log sequence number 1860401 in the ib_logfiles!
2019-04-12 15:18:34 4764 [Note] InnoDB: Restoring possible half-written data pages from the doublewrite buffer...
2019-04-12 15:18:35 4764 [Note] InnoDB: 128 rollback segment(s) are active.
2019-04-12 15:18:35 4764 [Note] InnoDB: Waiting for purge to start
2019-04-12 15:18:35 4764 [Note] InnoDB:  Percona XtraDB (http://www.percona.com) 5.6.42-84.2 started; log sequence number 1860401
2019-04-12 15:18:35 5760 [Note] InnoDB: Dumping buffer pool(s) not yet started
2019-04-12 15:18:35 4764 [Note] Plugin 'FEEDBACK' is disabled.
2019-04-12 15:18:36 4764 [Note] Server socket created on IP: '::'.
2019-04-12 15:18:36 4764 [Note] c:\xampp\mysql\bin\mysqld.exe: ready for connections.
Version: '10.1.38-MariaDB'  socket: ''  port: 3306  mariadb.org binary distribution
2019-04-12 18:31:54 4056 [ERROR] Incorrect definition of table mysql.column_stats: expected column 'min_value' at position 3 to have type varbinary(255), found type varchar(255).
2019-04-12 18:31:54 4056 [ERROR] Incorrect definition of table mysql.column_stats: expected column 'max_value' at position 4 to have type varbinary(255), found type varchar(255).
2019-04-13 06:53:01 2794 InnoDB: Warning: Using innodb_additional_mem_pool_size is DEPRECATED. This option may be removed in future releases, together with the option innodb_use_sys_malloc and with the InnoDB's internal memory allocator.
2019-04-13  6:53:01 10132 [Note] InnoDB: innodb_empty_free_list_algorithm has been changed to legacy because of small buffer pool size. In order to use backoff, increase buffer pool at least up to 20MB.

2019-04-13  6:53:01 10132 [Note] InnoDB: Using mutexes to ref count buffer pool pages
2019-04-13  6:53:01 10132 [Note] InnoDB: The InnoDB memory heap is disabled
2019-04-13  6:53:01 10132 [Note] InnoDB: Mutexes and rw_locks use Windows interlocked functions
2019-04-13  6:53:01 10132 [Note] InnoDB: _mm_lfence() and _mm_sfence() are used for memory barrier
2019-04-13  6:53:01 10132 [Note] InnoDB: Compressed tables use zlib 1.2.11
2019-04-13  6:53:01 10132 [Note] InnoDB: Using generic crc32 instructions
2019-04-13  6:53:01 10132 [Note] InnoDB: Initializing buffer pool, size = 16.0M
2019-04-13  6:53:01 10132 [Note] InnoDB: Completed initialization of buffer pool
2019-04-13  6:53:01 10132 [Note] InnoDB: Highest supported file format is Barracuda.
2019-04-13  6:53:01 10132 [Note] InnoDB: The log sequence number 1835037 in ibdata file do not match the log sequence number 1882526 in the ib_logfiles!
2019-04-13  6:53:02 10132 [Note] InnoDB: Restoring possible half-written data pages from the doublewrite buffer...
2019-04-13  6:53:03 10132 [Note] InnoDB: 128 rollback segment(s) are active.
2019-04-13  6:53:03 10132 [Note] InnoDB: Waiting for purge to start
2019-04-13  6:53:03 10132 [Note] InnoDB:  Percona XtraDB (http://www.percona.com) 5.6.42-84.2 started; log sequence number 1882526
2019-04-13  6:53:03 6644 [Note] InnoDB: Dumping buffer pool(s) not yet started
2019-04-13  6:53:03 10132 [Note] Plugin 'FEEDBACK' is disabled.
2019-04-13  6:53:03 10132 [Note] Server socket created on IP: '::'.
2019-04-13  6:53:03 10132 [Note] c:\xampp\mysql\bin\mysqld.exe: ready for connections.
Version: '10.1.38-MariaDB'  socket: ''  port: 3306  mariadb.org binary distribution
2019-04-13 09:52:21 2568 InnoDB: Warning: Using innodb_additional_mem_pool_size is DEPRECATED. This option may be removed in future releases, together with the option innodb_use_sys_malloc and with the InnoDB's internal memory allocator.
2019-04-13  9:52:21 9576 [Note] InnoDB: innodb_empty_free_list_algorithm has been changed to legacy because of small buffer pool size. In order to use backoff, increase buffer pool at least up to 20MB.

2019-04-13  9:52:21 9576 [Note] InnoDB: Using mutexes to ref count buffer pool pages
2019-04-13  9:52:21 9576 [Note] InnoDB: The InnoDB memory heap is disabled
2019-04-13  9:52:21 9576 [Note] InnoDB: Mutexes and rw_locks use Windows interlocked functions
2019-04-13  9:52:21 9576 [Note] InnoDB: _mm_lfence() and _mm_sfence() are used for memory barrier
2019-04-13  9:52:21 9576 [Note] InnoDB: Compressed tables use zlib 1.2.11
2019-04-13  9:52:21 9576 [Note] InnoDB: Using generic crc32 instructions
2019-04-13  9:52:21 9576 [Note] InnoDB: Initializing buffer pool, size = 16.0M
2019-04-13  9:52:21 9576 [Note] InnoDB: Completed initialization of buffer pool
2019-04-13  9:52:21 9576 [Note] InnoDB: Highest supported file format is Barracuda.
2019-04-13  9:52:21 9576 [Note] InnoDB: The log sequence number 1835037 in ibdata file do not match the log sequence number 1882536 in the ib_logfiles!
2019-04-13  9:52:22 9576 [Note] InnoDB: Restoring possible half-written data pages from the doublewrite buffer...
2019-04-13  9:52:22 9576 [Note] InnoDB: 128 rollback segment(s) are active.
2019-04-13  9:52:22 9576 [Note] InnoDB: Waiting for purge to start
2019-04-13  9:52:22 9576 [Note] InnoDB:  Percona XtraDB (http://www.percona.com) 5.6.42-84.2 started; log sequence number 1882536
2019-04-13  9:52:22 10104 [Note] InnoDB: Dumping buffer pool(s) not yet started
2019-04-13  9:52:22 9576 [Note] Plugin 'FEEDBACK' is disabled.
2019-04-13  9:52:22 9576 [Note] Server socket created on IP: '::'.
2019-04-13  9:52:22 9576 [Note] c:\xampp\mysql\bin\mysqld.exe: ready for connections.
Version: '10.1.38-MariaDB'  socket: ''  port: 3306  mariadb.org binary distribution
2019-04-13 10:37:57 b8c InnoDB: Warning: Using innodb_additional_mem_pool_size is DEPRECATED. This option may be removed in future releases, together with the option innodb_use_sys_malloc and with the InnoDB's internal memory allocator.
2019-04-13 10:37:57 2956 [Note] InnoDB: innodb_empty_free_list_algorithm has been changed to legacy because of small buffer pool size. In order to use backoff, increase buffer pool at least up to 20MB.

2019-04-13 10:37:57 2956 [Note] InnoDB: Using mutexes to ref count buffer pool pages
2019-04-13 10:37:57 2956 [Note] InnoDB: The InnoDB memory heap is disabled
2019-04-13 10:37:57 2956 [Note] InnoDB: Mutexes and rw_locks use Windows interlocked functions
2019-04-13 10:37:57 2956 [Note] InnoDB: _mm_lfence() and _mm_sfence() are used for memory barrier
2019-04-13 10:37:57 2956 [Note] InnoDB: Compressed tables use zlib 1.2.11
2019-04-13 10:37:57 2956 [Note] InnoDB: Using generic crc32 instructions
2019-04-13 10:37:57 2956 [Note] InnoDB: Initializing buffer pool, size = 16.0M
2019-04-13 10:37:57 2956 [Note] InnoDB: Completed initialization of buffer pool
2019-04-13 10:37:57 2956 [Note] InnoDB: Highest supported file format is Barracuda.
2019-04-13 10:37:57 2956 [Note] InnoDB: The log sequence number 1835037 in ibdata file do not match the log sequence number 1883930 in the ib_logfiles!
2019-04-13 10:37:57 2956 [Note] InnoDB: Restoring possible half-written data pages from the doublewrite buffer...
2019-04-13 10:37:58 2956 [Note] InnoDB: 128 rollback segment(s) are active.
2019-04-13 10:37:58 2956 [Note] InnoDB: Waiting for purge to start
2019-04-13 10:37:58 2956 [Note] InnoDB:  Percona XtraDB (http://www.percona.com) 5.6.42-84.2 started; log sequence number 1883930
2019-04-13 10:37:58 2332 [Note] InnoDB: Dumping buffer pool(s) not yet started
2019-04-13 10:37:58 2956 [Note] Plugin 'FEEDBACK' is disabled.
2019-04-13 10:37:58 2956 [Note] Server socket created on IP: '::'.
2019-04-13 10:37:59 2956 [Note] c:\xampp\mysql\bin\mysqld.exe: ready for connections.
Version: '10.1.38-MariaDB'  socket: ''  port: 3306  mariadb.org binary distribution
2019-04-13 10:42:25 1918 InnoDB: Warning: Using innodb_additional_mem_pool_size is DEPRECATED. This option may be removed in future releases, together with the option innodb_use_sys_malloc and with the InnoDB's internal memory allocator.
2019-04-13 10:42:25 6424 [Note] InnoDB: innodb_empty_free_list_algorithm has been changed to legacy because of small buffer pool size. In order to use backoff, increase buffer pool at least up to 20MB.

2019-04-13 10:42:25 6424 [Note] InnoDB: Using mutexes to ref count buffer pool pages
2019-04-13 10:42:25 6424 [Note] InnoDB: The InnoDB memory heap is disabled
2019-04-13 10:42:25 6424 [Note] InnoDB: Mutexes and rw_locks use Windows interlocked functions
2019-04-13 10:42:25 6424 [Note] InnoDB: _mm_lfence() and _mm_sfence() are used for memory barrier
2019-04-13 10:42:25 6424 [Note] InnoDB: Compressed tables use zlib 1.2.11
2019-04-13 10:42:25 6424 [Note] InnoDB: Using generic crc32 instructions
2019-04-13 10:42:25 6424 [Note] InnoDB: Initializing buffer pool, size = 16.0M
2019-04-13 10:42:25 6424 [Note] InnoDB: Completed initialization of buffer pool
2019-04-13 10:42:25 6424 [Note] InnoDB: Highest supported file format is Barracuda.
2019-04-13 10:42:25 6424 [Note] InnoDB: The log sequence number 1835037 in ibdata file do not match the log sequence number 1883940 in the ib_logfiles!
2019-04-13 10:42:25 6424 [Note] InnoDB: Restoring possible half-written data pages from the doublewrite buffer...
2019-04-13 10:42:26 6424 [Note] InnoDB: 128 rollback segment(s) are active.
2019-04-13 10:42:26 6424 [Note] InnoDB: Waiting for purge to start
2019-04-13 10:42:26 6424 [Note] InnoDB:  Percona XtraDB (http://www.percona.com) 5.6.42-84.2 started; log sequence number 1883940
2019-04-13 10:42:26 8976 [Note] InnoDB: Dumping buffer pool(s) not yet started
2019-04-13 10:42:26 6424 [Note] Plugin 'FEEDBACK' is disabled.
2019-04-13 10:42:26 6424 [Note] Server socket created on IP: '::'.
2019-04-13 10:42:26 6424 [Note] c:\xampp\mysql\bin\mysqld.exe: ready for connections.
Version: '10.1.38-MariaDB'  socket: ''  port: 3306  mariadb.org binary distribution
2019-04-13 17:13:22 1c4c InnoDB: Warning: Using innodb_additional_mem_pool_size is DEPRECATED. This option may be removed in future releases, together with the option innodb_use_sys_malloc and with the InnoDB's internal memory allocator.
2019-04-13 17:13:22 7244 [Note] InnoDB: innodb_empty_free_list_algorithm has been changed to legacy because of small buffer pool size. In order to use backoff, increase buffer pool at least up to 20MB.

2019-04-13 17:13:22 7244 [Note] InnoDB: Using mutexes to ref count buffer pool pages
2019-04-13 17:13:22 7244 [Note] InnoDB: The InnoDB memory heap is disabled
2019-04-13 17:13:22 7244 [Note] InnoDB: Mutexes and rw_locks use Windows interlocked functions
2019-04-13 17:13:22 7244 [Note] InnoDB: _mm_lfence() and _mm_sfence() are used for memory barrier
2019-04-13 17:13:22 7244 [Note] InnoDB: Compressed tables use zlib 1.2.11
2019-04-13 17:13:22 7244 [Note] InnoDB: Using generic crc32 instructions
2019-04-13 17:13:22 7244 [Note] InnoDB: Initializing buffer pool, size = 16.0M
2019-04-13 17:13:23 7244 [Note] InnoDB: Completed initialization of buffer pool
2019-04-13 17:13:23 7244 [Note] InnoDB: Highest supported file format is Barracuda.
2019-04-13 17:13:23 7244 [Note] InnoDB: The log sequence number 1835037 in ibdata file do not match the log sequence number 1885852 in the ib_logfiles!
2019-04-13 17:13:24 7244 [Note] InnoDB: Restoring possible half-written data pages from the doublewrite buffer...
2019-04-13 17:13:26 7244 [Note] InnoDB: 128 rollback segment(s) are active.
2019-04-13 17:13:26 7244 [Note] InnoDB: Waiting for purge to start
2019-04-13 17:13:26 7244 [Note] InnoDB:  Percona XtraDB (http://www.percona.com) 5.6.42-84.2 started; log sequence number 1885852
2019-04-13 17:13:27 10216 [Note] InnoDB: Dumping buffer pool(s) not yet started
2019-04-13 17:13:27 7244 [Note] Plugin 'FEEDBACK' is disabled.
2019-04-13 17:13:27 7244 [Note] Server socket created on IP: '::'.
2019-04-13 17:13:28 7244 [Note] c:\xampp\mysql\bin\mysqld.exe: ready for connections.
Version: '10.1.38-MariaDB'  socket: ''  port: 3306  mariadb.org binary distribution
2019-04-14 11:14:33 1340 InnoDB: Warning: Using innodb_additional_mem_pool_size is DEPRECATED. This option may be removed in future releases, together with the option innodb_use_sys_malloc and with the InnoDB's internal memory allocator.
2019-04-14 11:14:33 4928 [Note] InnoDB: innodb_empty_free_list_algorithm has been changed to legacy because of small buffer pool size. In order to use backoff, increase buffer pool at least up to 20MB.

2019-04-14 11:14:33 4928 [Note] InnoDB: Using mutexes to ref count buffer pool pages
2019-04-14 11:14:33 4928 [Note] InnoDB: The InnoDB memory heap is disabled
2019-04-14 11:14:33 4928 [Note] InnoDB: Mutexes and rw_locks use Windows interlocked functions
2019-04-14 11:14:33 4928 [Note] InnoDB: _mm_lfence() and _mm_sfence() are used for memory barrier
2019-04-14 11:14:33 4928 [Note] InnoDB: Compressed tables use zlib 1.2.11
2019-04-14 11:14:33 4928 [Note] InnoDB: Using generic crc32 instructions
2019-04-14 11:14:33 4928 [Note] InnoDB: Initializing buffer pool, size = 16.0M
2019-04-14 11:14:33 4928 [Note] InnoDB: Completed initialization of buffer pool
2019-04-14 11:14:33 4928 [Note] InnoDB: Highest supported file format is Barracuda.
2019-04-14 11:14:33 4928 [Note] InnoDB: The log sequence number 1835037 in ibdata file do not match the log sequence number 1886067 in the ib_logfiles!
2019-04-14 11:14:33 4928 [Note] InnoDB: Restoring possible half-written data pages from the doublewrite buffer...
2019-04-14 11:14:34 4928 [Note] InnoDB: 128 rollback segment(s) are active.
2019-04-14 11:14:34 4928 [Note] InnoDB: Waiting for purge to start
2019-04-14 11:14:34 4928 [Note] InnoDB:  Percona XtraDB (http://www.percona.com) 5.6.42-84.2 started; log sequence number 1886067
2019-04-14 11:14:34 6864 [Note] InnoDB: Dumping buffer pool(s) not yet started
2019-04-14 11:14:34 4928 [Note] Plugin 'FEEDBACK' is disabled.
2019-04-14 11:14:34 4928 [Note] Server socket created on IP: '::'.
2019-04-14 11:14:34 4928 [Note] c:\xampp\mysql\bin\mysqld.exe: ready for connections.
Version: '10.1.38-MariaDB'  socket: ''  port: 3306  mariadb.org binary distribution
2019-04-15 02:23:46 bb0 InnoDB: Warning: Using innodb_additional_mem_pool_size is DEPRECATED. This option may be removed in future releases, together with the option innodb_use_sys_malloc and with the InnoDB's internal memory allocator.
2019-04-15  2:23:46 2992 [Note] InnoDB: innodb_empty_free_list_algorithm has been changed to legacy because of small buffer pool size. In order to use backoff, increase buffer pool at least up to 20MB.

2019-04-15  2:23:46 2992 [Note] InnoDB: Using mutexes to ref count buffer pool pages
2019-04-15  2:23:46 2992 [Note] InnoDB: The InnoDB memory heap is disabled
2019-04-15  2:23:46 2992 [Note] InnoDB: Mutexes and rw_locks use Windows interlocked functions
2019-04-15  2:23:46 2992 [Note] InnoDB: _mm_lfence() and _mm_sfence() are used for memory barrier
2019-04-15  2:23:46 2992 [Note] InnoDB: Compressed tables use zlib 1.2.11
2019-04-15  2:23:46 2992 [Note] InnoDB: Using generic crc32 instructions
2019-04-15  2:23:47 2992 [Note] InnoDB: Initializing buffer pool, size = 16.0M
2019-04-15  2:23:47 2992 [Note] InnoDB: Completed initialization of buffer pool
2019-04-15  2:23:48 2992 [Note] InnoDB: Highest supported file format is Barracuda.
2019-04-15  2:23:48 2992 [Note] InnoDB: The log sequence number 1835037 in ibdata file do not match the log sequence number 1977370 in the ib_logfiles!
2019-04-15  2:23:51 2992 [Note] InnoDB: Restoring possible half-written data pages from the doublewrite buffer...
2019-04-15  2:23:53 2992 [Note] InnoDB: 128 rollback segment(s) are active.
2019-04-15  2:23:53 2992 [Note] InnoDB: Waiting for purge to start
2019-04-15  2:23:53 2992 [Note] InnoDB:  Percona XtraDB (http://www.percona.com) 5.6.42-84.2 started; log sequence number 1977370
2019-04-15  2:23:54 8696 [Note] InnoDB: Dumping buffer pool(s) not yet started
2019-04-15  2:23:54 2992 [Note] Plugin 'FEEDBACK' is disabled.
2019-04-15  2:23:54 2992 [Note] Server socket created on IP: '::'.
2019-04-15  2:23:55 2992 [Note] c:\xampp\mysql\bin\mysqld.exe: ready for connections.
Version: '10.1.38-MariaDB'  socket: ''  port: 3306  mariadb.org binary distribution
2019-04-16 03:28:50 1764 InnoDB: Warning: Using innodb_additional_mem_pool_size is DEPRECATED. This option may be removed in future releases, together with the option innodb_use_sys_malloc and with the InnoDB's internal memory allocator.
2019-04-16  3:28:50 5988 [Note] InnoDB: innodb_empty_free_list_algorithm has been changed to legacy because of small buffer pool size. In order to use backoff, increase buffer pool at least up to 20MB.

2019-04-16  3:28:50 5988 [Note] InnoDB: Using mutexes to ref count buffer pool pages
2019-04-16  3:28:50 5988 [Note] InnoDB: The InnoDB memory heap is disabled
2019-04-16  3:28:50 5988 [Note] InnoDB: Mutexes and rw_locks use Windows interlocked functions
2019-04-16  3:28:50 5988 [Note] InnoDB: _mm_lfence() and _mm_sfence() are used for memory barrier
2019-04-16  3:28:50 5988 [Note] InnoDB: Compressed tables use zlib 1.2.11
2019-04-16  3:28:51 5988 [Note] InnoDB: Using generic crc32 instructions
2019-04-16  3:28:51 5988 [Note] InnoDB: Initializing buffer pool, size = 16.0M
2019-04-16  3:28:51 5988 [Note] InnoDB: Completed initialization of buffer pool
2019-04-16  3:28:51 5988 [Note] InnoDB: Highest supported file format is Barracuda.
2019-04-16  3:28:51 5988 [Note] InnoDB: The log sequence number 1835037 in ibdata file do not match the log sequence number 2019017 in the ib_logfiles!
2019-04-16  3:28:52 5988 [Note] InnoDB: Restoring possible half-written data pages from the doublewrite buffer...
2019-04-16  3:28:54 5988 [Note] InnoDB: 128 rollback segment(s) are active.
2019-04-16  3:28:54 5988 [Note] InnoDB: Waiting for purge to start
2019-04-16  3:28:54 5988 [Note] InnoDB:  Percona XtraDB (http://www.percona.com) 5.6.42-84.2 started; log sequence number 2019017
2019-04-16  3:28:54 4836 [Note] InnoDB: Dumping buffer pool(s) not yet started
2019-04-16  3:28:54 5988 [Note] Plugin 'FEEDBACK' is disabled.
2019-04-16  3:28:55 5988 [Note] Server socket created on IP: '::'.
2019-04-16  3:28:56 5988 [Note] c:\xampp\mysql\bin\mysqld.exe: ready for connections.
Version: '10.1.38-MariaDB'  socket: ''  port: 3306  mariadb.org binary distribution
